<?xml version="1.0" encoding="UTF-8"?>
<!-- Generated by org.testng.reporters.JUnitXMLReporter -->
<testsuite hostname="LAPTOP-R4J2S6L4" failures="0" tests="6" name="Nopackage" time="343.199" errors="0" timestamp="12 Mar 2024 14:57:51 GMT">
  <testcase classname="com.hrms.testscripts.TC001" name="tc001" time="59.622"/>
  <testcase classname="com.hrms.testscripts.TC002" name="tc002" time="38.434"/>
  <testcase classname="com.hrms.testscripts.TC003_Deleteemp" name="tc003" time="80.165"/>
  <testcase classname="com.hrms.testscripts.TC004_Editemp" name="tc004" time="59.44"/>
  <testcase classname="com.hrms.testscripts.TC005_Locations" name="tc005" time="58.961"/>
  <testcase classname="com.hrms.testscripts.TC006_Upload_image" name="tc006" time="46.532"/>
</testsuite> <!-- Nopackage -->
